<?xml version="1.0" encoding="UTF-8"?>
<!-- Generated by org.testng.reporters.JUnitReportReporter -->
<testsuite skipped="0" hostname="DESKTOP-G0LMI9C" name="qaclickacedemy.Mavenjava.Extentreport" tests="1" failures="0" timestamp="02 Jul 2021 19:41:39 GMT" time="38.245" errors="0">
  <testcase name="testdemo" time="38.245" classname="qaclickacedemy.Mavenjava.Extentreport"/>
</testsuite> <!-- qaclickacedemy.Mavenjava.Extentreport -->
