<?xml version="1.0" encoding="UTF-8"?>
<!-- Generated by org.testng.reporters.JUnitReportReporter -->
<testsuite skipped="0" hostname="DESKTOP-G0LMI9C" name="qaclickacedemy.Mavenjava.AppiumTest" tests="2" failures="0" timestamp="2021-07-09T16:58:18 IST" time="0.001" errors="0">
  <testcase name="Appium" time="0.001" classname="qaclickacedemy.Mavenjava.AppiumTest"/>
  <system-out/>
  <testcase name="test" time="0.000" classname="qaclickacedemy.Mavenjava.AppiumTest"/>
  <system-out/>
</testsuite> <!-- qaclickacedemy.Mavenjava.AppiumTest -->
