<?xml version="1.0" encoding="UTF-8"?>
<!-- Generated by org.testng.reporters.JUnitReportReporter -->
<testsuite skipped="0" hostname="DESKTOP-G0LMI9C" name="qaclickacedemy.Mavenjava.RestApiTest" tests="2" failures="0" timestamp="2021-07-09T16:58:18 IST" time="0.024" errors="0">
  <testcase name="Rest" time="0.003" classname="qaclickacedemy.Mavenjava.RestApiTest"/>
  <system-out/>
  <testcase name="Api" time="0.021" classname="qaclickacedemy.Mavenjava.RestApiTest"/>
  <system-out/>
</testsuite> <!-- qaclickacedemy.Mavenjava.RestApiTest -->
